# JRE version: Java(TM) SE Runtime Environment (17.0.6+9) (build 17.0.6+9-LTS-190)
# Java VM: Java HotSpot(TM) 64-Bit Server VM (17.0.6+9-LTS-190, mixed mode, sharing, tiered, compressed oops, compressed class ptrs, g1 gc, windows-amd64)
GC Precious Log:
 CPUs: 12 total, 12 available
 Memory: 7860M
 Large Page Support: Disabled
 NUMA Support: Disabled
 Compressed Oops: Enabled (32-bit)
 Heap Region Size: 1M
 Heap Min Capacity: 8M
 Heap Initial Capacity: 124M
 Heap Max Capacity: 1966M
 Pre-touch: Disabled
 Parallel Workers: 10
 Concurrent Workers: 3
 Concurrent Refinement Workers: 10
 Periodic GC: Disabled
Heap:
 garbage-first heap   total 78848K, used 48585K [0x0000000085200000, 0x0000000100000000)
  region size 1024K, 10 young (10240K), 2 survivors (2048K)
 Metaspace       used 69637K, committed 70016K, reserved 1114112K
  class space    used 9522K, committed 9728K, reserved 1048576K
GC Heap History (20 events):
Event: 4.593 GC heap before
{Heap before GC invocations=9 (full 0):
 garbage-first heap   total 65536K, used 51838K [0x0000000085200000, 0x0000000100000000)
  region size 1024K, 25 young (25600K), 4 survivors (4096K)
 Metaspace       used 34503K, committed 34816K, reserved 1081344K
  class space    used 4475K, committed 4608K, reserved 1048576K
}
Event: 4.596 GC heap after
{Heap after GC invocations=10 (full 0):
 garbage-first heap   total 65536K, used 27739K [0x0000000085200000, 0x0000000100000000)
  region size 1024K, 3 young (3072K), 3 survivors (3072K)
 Metaspace       used 34503K, committed 34816K, reserved 1081344K
  class space    used 4475K, committed 4608K, reserved 1048576K
}
Event: 4.803 GC heap before
{Heap before GC invocations=10 (full 0):
 garbage-first heap   total 65536K, used 47195K [0x0000000085200000, 0x0000000100000000)
  region size 1024K, 21 young (21504K), 3 survivors (3072K)
 Metaspace       used 35722K, committed 35968K, reserved 1081344K
  class space    used 4656K, committed 4736K, reserved 1048576K
}
Event: 4.805 GC heap after
{Heap after GC invocations=11 (full 0):
 garbage-first heap   total 65536K, used 28241K [0x0000000085200000, 0x0000000100000000)
  region size 1024K, 1 young (1024K), 1 survivors (1024K)
 Metaspace       used 35722K, committed 35968K, reserved 1081344K
  class space    used 4656K, committed 4736K, reserved 1048576K
}
Event: 5.329 GC heap before
{Heap before GC invocations=12 (full 0):
 garbage-first heap   total 65536K, used 47697K [0x0000000085200000, 0x0000000100000000)
  region size 1024K, 22 young (22528K), 1 survivors (1024K)
 Metaspace       used 41714K, committed 42048K, reserved 1089536K
  class space    used 5616K, committed 5760K, reserved 1048576K
}
Event: 5.331 GC heap after
{Heap after GC invocations=13 (full 0):
 garbage-first heap   total 65536K, used 28267K [0x0000000085200000, 0x0000000100000000)
  region size 1024K, 2 young (2048K), 2 survivors (2048K)
 Metaspace       used 41714K, committed 42048K, reserved 1089536K
  class space    used 5616K, committed 5760K, reserved 1048576K
}
Event: 5.755 GC heap before
{Heap before GC invocations=13 (full 0):
 garbage-first heap   total 65536K, used 49771K [0x0000000085200000, 0x0000000100000000)
  region size 1024K, 23 young (23552K), 2 survivors (2048K)
 Metaspace       used 46958K, committed 47296K, reserved 1097728K
  class space    used 6260K, committed 6400K, reserved 1048576K
}
Event: 5.757 GC heap after
{Heap after GC invocations=14 (full 0):
 garbage-first heap   total 65536K, used 29923K [0x0000000085200000, 0x0000000100000000)
  region size 1024K, 3 young (3072K), 3 survivors (3072K)
 Metaspace       used 46958K, committed 47296K, reserved 1097728K
  class space    used 6260K, committed 6400K, reserved 1048576K
}
Event: 6.255 GC heap before
{Heap before GC invocations=14 (full 0):
 garbage-first heap   total 65536K, used 51427K [0x0000000085200000, 0x0000000100000000)
  region size 1024K, 24 young (24576K), 3 survivors (3072K)
 Metaspace       used 51572K, committed 51904K, reserved 1097728K
  class space    used 7012K, committed 7168K, reserved 1048576K
}
Event: 6.258 GC heap after
{Heap after GC invocations=15 (full 0):
 garbage-first heap   total 65536K, used 31045K [0x0000000085200000, 0x0000000100000000)
  region size 1024K, 2 young (2048K), 2 survivors (2048K)
 Metaspace       used 51572K, committed 51904K, reserved 1097728K
  class space    used 7012K, committed 7168K, reserved 1048576K
}
Event: 6.557 GC heap before
{Heap before GC invocations=15 (full 0):
 garbage-first heap   total 65536K, used 51525K [0x0000000085200000, 0x0000000100000000)
  region size 1024K, 22 young (22528K), 2 survivors (2048K)
 Metaspace       used 55173K, committed 55488K, reserved 1097728K
  class space    used 7507K, committed 7680K, reserved 1048576K
}
Event: 6.559 GC heap after
{Heap after GC invocations=16 (full 0):
 garbage-first heap   total 65536K, used 32245K [0x0000000085200000, 0x0000000100000000)
  region size 1024K, 3 young (3072K), 3 survivors (3072K)
 Metaspace       used 55173K, committed 55488K, reserved 1097728K
  class space    used 7507K, committed 7680K, reserved 1048576K
}
Event: 6.976 GC heap before
{Heap before GC invocations=17 (full 0):
 garbage-first heap   total 65536K, used 52725K [0x0000000085200000, 0x0000000100000000)
  region size 1024K, 23 young (23552K), 3 survivors (3072K)
 Metaspace       used 57406K, committed 57664K, reserved 1105920K
  class space    used 7807K, committed 7936K, reserved 1048576K
}
Event: 6.979 GC heap after
{Heap after GC invocations=18 (full 0):
 garbage-first heap   total 78848K, used 34513K [0x0000000085200000, 0x0000000100000000)
  region size 1024K, 3 young (3072K), 3 survivors (3072K)
 Metaspace       used 57406K, committed 57664K, reserved 1105920K
  class space    used 7807K, committed 7936K, reserved 1048576K
}
Event: 9.569 GC heap before
{Heap before GC invocations=18 (full 0):
 garbage-first heap   total 78848K, used 62161K [0x0000000085200000, 0x0000000100000000)
  region size 1024K, 30 young (30720K), 3 survivors (3072K)
 Metaspace       used 59889K, committed 60224K, reserved 1105920K
  class space    used 8157K, committed 8320K, reserved 1048576K
}
Event: 9.573 GC heap after
{Heap after GC invocations=19 (full 0):
 garbage-first heap   total 78848K, used 37015K [0x0000000085200000, 0x0000000100000000)
  region size 1024K, 4 young (4096K), 4 survivors (4096K)
 Metaspace       used 59889K, committed 60224K, reserved 1105920K
  class space    used 8157K, committed 8320K, reserved 1048576K
}
Event: 10.081 GC heap before
{Heap before GC invocations=19 (full 0):
 garbage-first heap   total 78848K, used 61591K [0x0000000085200000, 0x0000000100000000)
  region size 1024K, 29 young (29696K), 4 survivors (4096K)
 Metaspace       used 65233K, committed 65600K, reserved 1105920K
  class space    used 8886K, committed 9088K, reserved 1048576K
}
Event: 10.087 GC heap after
{Heap after GC invocations=20 (full 0):
 garbage-first heap   total 78848K, used 40773K [0x0000000085200000, 0x0000000100000000)
  region size 1024K, 4 young (4096K), 4 survivors (4096K)
 Metaspace       used 65233K, committed 65600K, reserved 1105920K
  class space    used 8886K, committed 9088K, reserved 1048576K
}
Event: 22.052 GC heap before
{Heap before GC invocations=20 (full 0):
 garbage-first heap   total 78848K, used 61253K [0x0000000085200000, 0x0000000100000000)
  region size 1024K, 25 young (25600K), 4 survivors (4096K)
 Metaspace       used 68222K, committed 68608K, reserved 1114112K
  class space    used 9361K, committed 9536K, reserved 1048576K
}
Event: 22.056 GC heap after
{Heap after GC invocations=21 (full 0):
 garbage-first heap   total 78848K, used 42441K [0x0000000085200000, 0x0000000100000000)
  region size 1024K, 2 young (2048K), 2 survivors (2048K)
 Metaspace       used 68222K, committed 68608K, reserved 1114112K
  class space    used 9361K, committed 9536K, reserved 1048576K
}

